<?xml version="1.0" encoding="UTF-8"?>
<Site BuildName="(empty)"
	BuildStamp="20220324-0921-Experimental"
	Name="(empty)"
	Generator="ctest-3.22.1"
	CompilerName=""
	CompilerVersion=""
	OSName="Windows"
	Hostname="VLADI-PC"
	OSRelease=" Professional"
	OSVersion=" (Build 19042)"
	OSPlatform="AMD64"
	Is64Bits="1"
	VendorString="AuthenticAMD"
	VendorID="Advanced Micro Devices"
	FamilyID="15"
	ModelID="8"
	ProcessorCacheSize="96"
	NumberOfLogicalCPU="4"
	NumberOfPhysicalCPU="4"
	TotalVirtualMemory="22971"
	TotalPhysicalMemory="16315"
	LogicalProcessorsPerPhysical="1"
	ProcessorClockFrequency="3593"
	>
	<Testing>
		<StartDateTime>Mar 24 11:21 FLE Standard Time</StartDateTime>
		<StartTestTime>1648113664</StartTestTime>
		<TestList>
			<Test>./ServerCommunicationTest.TRY</Test>
		</TestList>
		<Test Status="passed">
			<Name>ServerCommunicationTest.TRY</Name>
			<Path>.</Path>
			<FullName>./ServerCommunicationTest.TRY</FullName>
			<FullCommandLine>"D:\Documents\Bosh C++ Camp\motion-detection-tcp\build\Debug\hello_test.exe" "--gtest_filter=ServerCommunicationTest.TRY" "--gtest_also_run_disabled_tests"</FullCommandLine>
			<Results>
				<NamedMeasurement type="numeric/double" name="Execution Time">
					<Value>0.0490943</Value>
				</NamedMeasurement>
				<NamedMeasurement type="numeric/double" name="Processors">
					<Value>1</Value>
				</NamedMeasurement>
				<NamedMeasurement type="text/string" name="Completion Status">
					<Value>Completed</Value>
				</NamedMeasurement>
				<NamedMeasurement type="text/string" name="Command Line">
					<Value>"D:\Documents\Bosh C++ Camp\motion-detection-tcp\build\Debug\hello_test.exe" "--gtest_filter=ServerCommunicationTest.TRY" "--gtest_also_run_disabled_tests"</Value>
				</NamedMeasurement>
				<NamedMeasurement type="text/string" name="Environment">
					<Value>#CTEST_RESOURCE_GROUP_COUNT=</Value>
				</NamedMeasurement>
				<Measurement>
					<Value encoding="base64" compression="gzip">eJyVUMFqwzAMvecrdGwoCeu10MOWjB4G3Ui6w4hDcR03M9hWsJXu9xcnpWSDlk0nifek956K3lplWzBc2UUMJ4cG8jXLUfRGWvLsCf0nZMslZNx0zCAptEkjSYqxI9GxY690ww6N7DxrEVs9oJ4S78RsZOMYukPQSoWIdkhyDduRAvsBgZPSJB1soJTuLF2GxvRWCR6kAiHdFx9RtblWDcXF/wpoPBD8X3rfK5JpVCXXqmGr8cj1hEt7Vg5tiAleUtJ3v8jzmzcMRRUU7zsYq77veiLB68t9IiwewPj4306mPSAkruPob6lJcpc0+GV//vTWL8Fxm8JiNdMZUr09luVzHuJP3DT6BmKwxaQ=</Value>
				</Measurement>
			</Results>
		</Test>
		<EndDateTime>Mar 24 11:21 FLE Standard Time</EndDateTime>
		<EndTestTime>1648113664</EndTestTime>
		<ElapsedMinutes>0</ElapsedMinutes>
	</Testing>
</Site>
